2025-05-08 16:01:54,055 - INFO - root - 日志系统已配置
2025-05-08 16:01:54,056 - ERROR - root - 数据库连接失败: Textual SQL expression 'SELECT 1' should be explicitly declared as text('SELECT 1')
2025-05-08 17:43:33,199 - INFO - root - 日志系统已配置
2025-05-08 17:43:33,200 - ERROR - root - 数据库连接失败: Textual SQL expression 'SELECT 1' should be explicitly declared as text('SELECT 1')
2025-05-08 17:47:10,125 - INFO - root - 日志系统已配置
2025-05-08 17:47:10,175 - ERROR - root - 数据库连接失败: (pymysql.err.OperationalError) (1045, "Access denied for user 'root'@'localhost' (using password: YES)")
(Background on this error at: https://sqlalche.me/e/20/e3q8)
2025-05-08 17:47:35,137 - INFO - root - 日志系统已配置
2025-05-08 17:47:35,195 - ERROR - root - 数据库连接失败: (pymysql.err.OperationalError) (1045, "Access denied for user 'root'@'localhost' (using password: YES)")
(Background on this error at: https://sqlalche.me/e/20/e3q8)
2025-05-08 17:50:03,345 - INFO - root - 日志系统已配置
2025-05-08 17:50:03,392 - ERROR - root - 数据库连接失败: (pymysql.err.OperationalError) (1045, "Access denied for user 'root'@'localhost' (using password: YES)")
(Background on this error at: https://sqlalche.me/e/20/e3q8)
2025-05-08 17:50:14,017 - INFO - root - 日志系统已配置
2025-05-08 17:50:14,039 - ERROR - root - 数据库连接失败: (pymysql.err.OperationalError) (1045, "Access denied for user 'root'@'localhost' (using password: NO)")
(Background on this error at: https://sqlalche.me/e/20/e3q8)
2025-05-08 17:50:24,058 - INFO - root - 日志系统已配置
2025-05-08 17:50:24,067 - ERROR - root - 数据库连接失败: (pymysql.err.OperationalError) (1045, "Access denied for user 'root'@'localhost' (using password: NO)")
(Background on this error at: https://sqlalche.me/e/20/e3q8)
2025-05-08 17:54:08,928 - INFO - root - 日志系统已配置
2025-05-08 17:54:08,941 - ERROR - root - 数据库连接失败: (pymysql.err.OperationalError) (1045, "Access denied for user 'root'@'localhost' (using password: NO)")
(Background on this error at: https://sqlalche.me/e/20/e3q8)
2025-05-08 18:04:52,517 - INFO - root - 日志系统已配置
2025-05-08 18:04:52,550 - INFO - root - 数据库连接成功
2025-05-08 18:04:52,551 - INFO - root - 应用启动成功，调试模式: True
2025-05-08 18:07:23,565 - INFO - root - 日志系统已配置
2025-05-08 18:07:23,586 - INFO - root - 数据库连接成功
2025-05-08 18:07:23,588 - INFO - root - 应用启动成功，调试模式: True
2025-05-08 18:07:33,426 - DEBUG - passlib.handlers.bcrypt - detected 'bcrypt' backend, version '3.2.0'
2025-05-08 18:07:33,427 - DEBUG - passlib.handlers.bcrypt - 'bcrypt' backend lacks $2$ support, enabling workaround
2025-05-08 18:07:33,783 - INFO - app.db.init_db - 数据库初始化完成
2025-05-08 18:08:09,837 - INFO - root - 开始处理请求: GET /docs - IP: 127.0.0.1
2025-05-08 18:08:09,839 - INFO - root - 请求处理完成: GET /docs - 状态: 200 - 耗时: 0.0020秒
2025-05-08 18:08:11,334 - INFO - root - 开始处理请求: GET /api/openapi.json - IP: 127.0.0.1
2025-05-08 18:08:11,594 - INFO - root - 请求处理完成: GET /api/openapi.json - 状态: 200 - 耗时: 0.2596秒
2025-05-08 18:09:25,655 - INFO - root - 开始处理请求: GET /redoc - IP: 127.0.0.1
2025-05-08 18:09:25,656 - INFO - root - 请求处理完成: GET /redoc - 状态: 200 - 耗时: 0.0010秒
2025-05-08 18:09:27,375 - INFO - root - 开始处理请求: GET /api/openapi.json - IP: 127.0.0.1
2025-05-08 18:09:27,382 - INFO - root - 请求处理完成: GET /api/openapi.json - 状态: 200 - 耗时: 0.0070秒
2025-05-08 18:09:45,943 - INFO - root - 开始处理请求: GET /docs - IP: 127.0.0.1
2025-05-08 18:09:45,944 - INFO - root - 请求处理完成: GET /docs - 状态: 200 - 耗时: 0.0010秒
2025-05-08 18:09:46,142 - INFO - root - 开始处理请求: GET /api/openapi.json - IP: 127.0.0.1
2025-05-08 18:09:46,146 - INFO - root - 请求处理完成: GET /api/openapi.json - 状态: 200 - 耗时: 0.0040秒
2025-05-08 18:10:12,356 - INFO - root - 开始处理请求: POST /api/v1/auth/login - IP: 127.0.0.1
2025-05-08 18:10:12,357 - DEBUG - python_multipart.multipart - Calling on_field_start with no data
2025-05-08 18:10:12,357 - DEBUG - python_multipart.multipart - Calling on_field_name with data[0:10]
2025-05-08 18:10:12,357 - DEBUG - python_multipart.multipart - Calling on_field_data with data[11:19]
2025-05-08 18:10:12,357 - DEBUG - python_multipart.multipart - Calling on_field_end with no data
2025-05-08 18:10:12,358 - DEBUG - python_multipart.multipart - Calling on_field_start with no data
2025-05-08 18:10:12,358 - DEBUG - python_multipart.multipart - Calling on_field_name with data[20:28]
2025-05-08 18:10:12,358 - DEBUG - python_multipart.multipart - Calling on_field_data with data[29:34]
2025-05-08 18:10:12,358 - DEBUG - python_multipart.multipart - Calling on_field_end with no data
2025-05-08 18:10:12,358 - DEBUG - python_multipart.multipart - Calling on_field_start with no data
2025-05-08 18:10:12,359 - DEBUG - python_multipart.multipart - Calling on_field_name with data[35:43]
2025-05-08 18:10:12,359 - DEBUG - python_multipart.multipart - Calling on_field_data with data[44:52]
2025-05-08 18:10:12,359 - DEBUG - python_multipart.multipart - Calling on_field_end with no data
2025-05-08 18:10:12,359 - DEBUG - python_multipart.multipart - Calling on_field_start with no data
2025-05-08 18:10:12,359 - DEBUG - python_multipart.multipart - Calling on_field_name with data[53:58]
2025-05-08 18:10:12,359 - DEBUG - python_multipart.multipart - Calling on_field_end with no data
2025-05-08 18:10:12,360 - DEBUG - python_multipart.multipart - Calling on_field_start with no data
2025-05-08 18:10:12,360 - DEBUG - python_multipart.multipart - Calling on_field_name with data[60:69]
2025-05-08 18:10:12,360 - DEBUG - python_multipart.multipart - Calling on_field_data with data[70:76]
2025-05-08 18:10:12,360 - DEBUG - python_multipart.multipart - Calling on_field_end with no data
2025-05-08 18:10:12,360 - DEBUG - python_multipart.multipart - Calling on_field_start with no data
2025-05-08 18:10:12,360 - DEBUG - python_multipart.multipart - Calling on_field_name with data[77:90]
2025-05-08 18:10:12,360 - DEBUG - python_multipart.multipart - Calling on_field_data with data[91:97]
2025-05-08 18:10:12,361 - DEBUG - python_multipart.multipart - Calling on_field_end with no data
2025-05-08 18:10:12,361 - DEBUG - python_multipart.multipart - Calling on_end with no data
